[     0.0s] Pipeline run started.
[     0.0s] === RERUN: Classification predictions only ===
[     0.0s] AMD GPU detected (AMD Radeon R7 M440), but this environment has no working ROCm/OpenCL ML backend installed (modules found: none, env vars: none). The pipeline now runs CPU-first and does not attempt the old broken GPU training path.
[     0.0s] Loading cached curated dataset from hiv_protease_chembl_dataset_v3.csv
[     0.1s] Classification dataset assembled with 4058 molecules (3637 actives, 421 inactives).
[     0.1s] Generating molecular feature blocks...
[    25.6s] Featurized 250/4621 molecules.
[    25.7s] Featurized 500/4621 molecules.
[    25.7s] Featurized 750/4621 molecules.
[    25.8s] Featurized 1000/4621 molecules.
[    25.9s] Featurized 1250/4621 molecules.
[    26.0s] Featurized 1500/4621 molecules.
[    26.0s] Featurized 1750/4621 molecules.
[    26.1s] Featurized 2000/4621 molecules.
[    26.2s] Featurized 2250/4621 molecules.
[    26.3s] Featurized 2500/4621 molecules.
[    26.4s] Featurized 2750/4621 molecules.
[    26.5s] Featurized 3000/4621 molecules.
[    26.6s] Featurized 3250/4621 molecules.
[    26.7s] Featurized 3500/4621 molecules.
[    26.7s] Featurized 3750/4621 molecules.
[    26.8s] Featurized 4000/4621 molecules.
[    26.9s] Featurized 4250/4621 molecules.
[    26.9s] Featurized 4500/4621 molecules.
[    27.0s] Featurized 4621/4621 molecules.
[    27.0s] Generating molecular feature blocks finished in 26.9s.
[    27.7s] Scaffold classification split: train=3246 (0.896 positive), test=812 (0.895 positive).
[    27.9s] Temporal split built with train years <= 2003 and test years [2004, 2005, 2006, 2007, 2008, 2009, 2010, 2011, 2012, 2013, 2014, 2016, 2017, 2020, 2021, 2022, 2023, 2024].
[    27.9s] Resuming classification benchmarks with 6 cached representations: all_fingerprints_plus_descriptors, atom_pair_torsion_plus_descriptors, descriptors, maccs_plus_descriptors, morgan_2048, morgan_plus_descriptors
[    27.9s] Skipping classification representation 'morgan_2048' because it is already checkpointed.
[    27.9s] Skipping classification representation 'descriptors' because it is already checkpointed.
[    27.9s] Skipping classification representation 'morgan_plus_descriptors' because it is already checkpointed.
[    27.9s] Skipping classification representation 'maccs_plus_descriptors' because it is already checkpointed.
[    27.9s] Skipping classification representation 'atom_pair_torsion_plus_descriptors' because it is already checkpointed.
[    27.9s] Skipping classification representation 'all_fingerprints_plus_descriptors' because it is already checkpointed.
[    27.9s] Best classification representation: morgan_2048 (mean MCC=0.530)
[    27.9s] Hyperparameter search for classification models...
[    28.0s] Resuming classification tuning with 4 cached models: Extra Trees, HistGradientBoosting, Logistic Regression, Random Forest
[    28.0s] Restoring checkpointed classification model 'Logistic Regression' on the scaffold-training split.
[    47.6s] Skipping classification model 'Logistic Regression' because it is already checkpointed.
[    47.6s] Restoring checkpointed classification model 'Random Forest' on the scaffold-training split.
[    52.8s] Skipping classification model 'Random Forest' because it is already checkpointed.
[    52.8s] Restoring checkpointed classification model 'Extra Trees' on the scaffold-training split.
[    67.1s] Skipping classification model 'Extra Trees' because it is already checkpointed.
[    67.1s] Restoring checkpointed classification model 'HistGradientBoosting' on the scaffold-training split.
[   100.8s] Skipping classification model 'HistGradientBoosting' because it is already checkpointed.
[   100.8s] Hyperparameter search for classification models finished in 72.8s.
[   100.8s] Training stacked classification ensemble...
[   101.5s] Training stacking fold 1/5
[   145.9s] Training stacking fold 2/5
[   191.1s] Training stacking fold 3/5
[   235.2s] Training stacking fold 4/5
[   279.3s] Training stacking fold 5/5
[   375.7s] Training stacked classification ensemble finished in 274.9s.
[   375.7s] Training SMOTE-enhanced Extra Trees baseline...
[   400.1s] Training SMOTE-enhanced Extra Trees baseline finished in 24.4s.
[   400.1s] Evaluating classification models on scaffold holdout...
[   400.1s]   Evaluating classification model 'Logistic Regression'
[   400.1s]     Logistic Regression: MCC=0.536, PR-AUC=0.986, ROC-AUC=0.906
[   400.1s]   Evaluating classification model 'Random Forest'
[   400.2s]     Random Forest: MCC=0.360, PR-AUC=0.984, ROC-AUC=0.888
[   400.2s]   Evaluating classification model 'Extra Trees'
[   400.5s]     Extra Trees: MCC=0.373, PR-AUC=0.981, ROC-AUC=0.867
[   400.5s]   Evaluating classification model 'HistGradientBoosting'
[   400.6s]     HistGradientBoosting: MCC=0.512, PR-AUC=0.984, ROC-AUC=0.888
[   400.6s]   Evaluating classification model 'Stacked Ensemble'
[   400.9s]     Stacked Ensemble: MCC=0.413, PR-AUC=0.984, ROC-AUC=0.891
[   400.9s]   Evaluating classification model 'Extra Trees + SMOTE'
[   401.1s]     Extra Trees + SMOTE: MCC=0.522, PR-AUC=0.984, ROC-AUC=0.892
[   401.1s] Evaluating classification models on scaffold holdout finished in 1.0s.
[   401.1s] Best scaffold-holdout classifier: Logistic Regression (MCC=0.536, PR-AUC=0.986)
[   401.2s] Evaluating best classifier on temporal split...
[   419.9s]   Evaluating classification model 'Logistic Regression'
[   419.9s]     Logistic Regression: MCC=0.411, PR-AUC=0.959, ROC-AUC=0.785
[   419.9s] Evaluating best classifier on temporal split finished in 18.7s.
[   421.3s] Feature-importance plot written using Extra Trees + SMOTE.
[   423.1s] FAISS index used for applicability‑domain scoring.
[   423.2s] Searching for activity cliffs...
[   423.8s] Activity-cliff scan progress: 250/4620 anchors processed.
[   424.3s] Activity-cliff scan progress: 500/4620 anchors processed.
[   424.8s] Activity-cliff scan progress: 750/4620 anchors processed.
[   425.2s] Activity-cliff scan progress: 1000/4620 anchors processed.
[   425.7s] Activity-cliff scan progress: 1250/4620 anchors processed.
[   426.0s] Activity-cliff scan progress: 1500/4620 anchors processed.
[   426.4s] Activity-cliff scan progress: 1750/4620 anchors processed.
[   426.6s] Activity-cliff scan progress: 2000/4620 anchors processed.
[   426.9s] Activity-cliff scan progress: 2250/4620 anchors processed.
[   427.1s] Activity-cliff scan progress: 2500/4620 anchors processed.
[   427.3s] Activity-cliff scan progress: 2750/4620 anchors processed.
[   427.5s] Activity-cliff scan progress: 3000/4620 anchors processed.
[   427.7s] Activity-cliff scan progress: 3250/4620 anchors processed.
[   427.8s] Activity-cliff scan progress: 3500/4620 anchors processed.
[   427.9s] Activity-cliff scan progress: 3750/4620 anchors processed.
[   427.9s] Activity-cliff scan progress: 4000/4620 anchors processed.
[   428.0s] Activity-cliff scan progress: 4250/4620 anchors processed.
[   428.0s] Activity-cliff scan progress: 4500/4620 anchors processed.
[   428.0s] Activity-cliff scan progress: 4620/4620 anchors processed.
[   428.0s] Searching for activity cliffs finished in 4.8s.
[   428.0s] Detected 300 activity cliffs above the similarity and potency-delta thresholds.
